<?xml version="1.0" encoding="UTF-8"?>
<!-- Generated by org.testng.reporters.JUnitReportReporter -->
<testsuite hostname="DESKTOP-RCI3JKJ" failures="0" tests="1" name="org.sam.ABforParameter" time="18.281" errors="0" timestamp="2022-10-19T13:16:35 IST" skipped="0">
  <testcase classname="org.sam.ABforParameter" name="tc1" time="18.281"/>
  <system-out/>
</testsuite> <!-- org.sam.ABforParameter -->
