<?xml version="1.0" encoding="UTF-8"?>
<!-- Generated by org.testng.reporters.JUnitReportReporter -->
<testsuite hostname="DESKTOP-RCI3JKJ" failures="0" tests="3" name="org.sam.Sample" time="188.712" errors="0" timestamp="2022-10-22T11:36:39 IST" skipped="0">
  <testcase classname="org.sam.Sample" name="Tc3" time="55.455"/>
  <system-out/>
  <testcase classname="org.sam.Sample" name="Tc1" time="77.863"/>
  <system-out/>
  <testcase classname="org.sam.Sample" name="Tc2" time="55.394"/>
  <system-out/>
</testsuite> <!-- org.sam.Sample -->
