<?xml version="1.0" encoding="UTF-8"?>
<!-- Generated by org.testng.reporters.JUnitReportReporter -->
<testsuite hostname="DESKTOP-RCI3JKJ" failures="0" tests="1" name="org.sam.OperationPro" time="0.016" errors="0" timestamp="2022-10-22T11:21:38 IST" skipped="0">
  <testcase classname="org.sam.OperationPro" name="TC10" time="0.016"/>
  <system-out/>
</testsuite> <!-- org.sam.OperationPro -->
