<?xml version="1.0" encoding="UTF-8"?>
<!-- Generated by org.testng.reporters.JUnitReportReporter -->
<testsuite hostname="DESKTOP-RCI3JKJ" failures="0" tests="4" name="org.sam.B" time="0.017" errors="0" timestamp="2022-10-19T16:49:54 IST" skipped="0">
  <testcase classname="org.sam.B" name="tc60" time="0.003"/>
  <system-out/>
  <testcase classname="org.sam.B" name="tc60" time="0.001"/>
  <system-out/>
  <testcase classname="org.sam.B" name="tc60" time="0.003"/>
  <system-out/>
  <testcase classname="org.sam.B" name="tc60" time="0.010"/>
  <system-out/>
</testsuite> <!-- org.sam.B -->
