<?xml version="1.0" encoding="UTF-8"?>
<!-- Generated by org.testng.reporters.JUnitReportReporter -->
<testsuite hostname="DESKTOP-RCI3JKJ" failures="0" tests="3" name="org.sam.Dataprovide" time="57.158" errors="0" timestamp="2022-10-19T15:34:36 IST" skipped="0">
  <testcase classname="org.sam.Dataprovide" name="tc1" time="23.363"/>
  <system-out/>
  <testcase classname="org.sam.Dataprovide" name="tc1" time="12.257"/>
  <system-out/>
  <testcase classname="org.sam.Dataprovide" name="tc1" time="21.538"/>
  <system-out/>
</testsuite> <!-- org.sam.Dataprovide -->
