<?xml version="1.0" encoding="UTF-8"?>
<!-- Generated by org.testng.reporters.JUnitReportReporter -->
<testsuite hostname="DESKTOP-RCI3JKJ" failures="0" tests="7" name="org.sam.SamTest" time="225.275" errors="0" timestamp="2022-10-18T20:50:02 IST" skipped="0">
  <testcase classname="org.sam.SamTest" name="tc1" time="14.418"/>
  <system-out/>
  <testcase classname="org.sam.SamTest" name="tc2" time="10.276"/>
  <system-out/>
  <testcase classname="org.sam.SamTest" name="tc3" time="58.848"/>
  <system-out/>
  <testcase classname="org.sam.SamTest" name="tc4" time="68.038"/>
  <system-out/>
  <testcase classname="org.sam.SamTest" name="tc5" time="23.634"/>
  <system-out/>
  <testcase classname="org.sam.SamTest" name="tc6" time="10.127"/>
  <system-out/>
  <testcase classname="org.sam.SamTest" name="tc7" time="39.934"/>
  <system-out/>
</testsuite> <!-- org.sam.SamTest -->
