<?xml version="1.0" encoding="UTF-8"?>
<!-- Generated by org.testng.reporters.JUnitReportReporter -->
<testsuite hostname="DESKTOP-RCI3JKJ" failures="0" tests="3" name="org.sam.GenerationOne" time="126.171" errors="0" timestamp="2022-10-22T11:21:38 IST" skipped="0">
  <testcase classname="org.sam.GenerationOne" name="Tc2" time="29.940"/>
  <system-out/>
  <testcase classname="org.sam.GenerationOne" name="Tc1" time="56.035"/>
  <system-out/>
  <testcase classname="org.sam.GenerationOne" name="Tc3" time="40.196"/>
  <system-out/>
</testsuite> <!-- org.sam.GenerationOne -->
